<?xml version="1.0" encoding="UTF-8"?>
<!-- Generated by org.testng.reporters.JUnitReportReporter -->
<testsuite hostname="LAPTOP-2GE403D0" failures="0" tests="1" name="Academy.validateTitle" time="0.050" errors="0" timestamp="27 Feb 2021 19:18:03 GMT">
  <testcase classname="Academy.validateTitle" name="validateAppTitle" time="0.050"/>
</testsuite> <!-- Academy.validateTitle -->
