<?xml version="1.0" encoding="UTF-8"?>
<!-- Generated by org.testng.reporters.JUnitReportReporter -->
<testsuite hostname="LAPTOP-2GE403D0" failures="0" tests="1" name="Academy.AppTest" time="0.001" errors="0" timestamp="27 Feb 2021 20:21:48 GMT">
  <testcase classname="Academy.AppTest" name="shouldAnswerWithTrue" time="0.001"/>
</testsuite> <!-- Academy.AppTest -->
